[09-Aug-2024 11:25:59] NOTICE: fpm is running, pid 15557
[09-Aug-2024 11:25:59] NOTICE: ready to handle connections
[14-Aug-2024 14:32:57] NOTICE: fpm is running, pid 67930
[14-Aug-2024 14:32:57] NOTICE: ready to handle connections
[20-Aug-2024 09:22:07] NOTICE: fpm is running, pid 2976
[20-Aug-2024 09:22:07] NOTICE: ready to handle connections
[22-Aug-2024 17:43:45] NOTICE: Terminating ...
[22-Aug-2024 17:43:45] NOTICE: Terminating ...
[22-Aug-2024 17:43:45] NOTICE: exiting, bye-bye!
[23-Aug-2024 09:05:35] NOTICE: fpm is running, pid 27541
[23-Aug-2024 09:05:35] NOTICE: ready to handle connections
[02-Sep-2024 10:32:56] NOTICE: Terminating ...
[02-Sep-2024 10:32:56] NOTICE: Terminating ...
[02-Sep-2024 10:32:56] NOTICE: exiting, bye-bye!
[02-Sep-2024 10:33:00] NOTICE: fpm is running, pid 44076
[02-Sep-2024 10:33:00] NOTICE: ready to handle connections
[02-Sep-2024 21:19:22] NOTICE: Terminating ...
[02-Sep-2024 21:19:22] NOTICE: Terminating ...
[02-Sep-2024 21:19:22] NOTICE: exiting, bye-bye!
[03-Sep-2024 11:24:29] NOTICE: fpm is running, pid 98354
[03-Sep-2024 11:24:29] NOTICE: ready to handle connections
[03-Sep-2024 11:50:42] NOTICE: Terminating ...
[03-Sep-2024 11:50:42] NOTICE: Terminating ...
[03-Sep-2024 11:50:42] NOTICE: exiting, bye-bye!
[03-Sep-2024 14:11:17] NOTICE: fpm is running, pid 2237
[03-Sep-2024 14:11:17] NOTICE: ready to handle connections
[07-Sep-2024 09:19:19] NOTICE: Terminating ...
[07-Sep-2024 09:19:19] NOTICE: Terminating ...
[07-Sep-2024 09:19:19] NOTICE: exiting, bye-bye!
[07-Sep-2024 16:08:06] NOTICE: fpm is running, pid 86290
[07-Sep-2024 16:08:06] NOTICE: ready to handle connections
[09-Sep-2024 12:55:17] NOTICE: Terminating ...
[09-Sep-2024 12:55:17] NOTICE: Terminating ...
[09-Sep-2024 12:55:17] NOTICE: exiting, bye-bye!
[26-Sep-2024 04:59:06] NOTICE: fpm is running, pid 54250
[26-Sep-2024 04:59:06] NOTICE: ready to handle connections
[28-Sep-2024 06:31:57] NOTICE: Terminating ...
[28-Sep-2024 06:31:57] NOTICE: Terminating ...
[28-Sep-2024 06:31:57] NOTICE: exiting, bye-bye!
[28-Sep-2024 06:32:12] NOTICE: fpm is running, pid 26323
[28-Sep-2024 06:32:12] NOTICE: ready to handle connections
